{"C:\\mycode\\Netology\\сайты\\Containers_TASK-3_map-star-\\src\\js\\map.js": {"path":"C:\\mycode\\Netology\\сайты\\Containers_TASK-3_map-star-\\src\\js\\map.js","statementMap":{"0":{"start":{"line":3,"column":4},"end":{"line":3,"column":32}},"1":{"start":{"line":4,"column":4},"end":{"line":32,"column":5}},"2":{"start":{"line":5,"column":30},"end":{"line":5,"column":55}},"3":{"start":{"line":6,"column":30},"end":{"line":6,"column":74}},"4":{"start":{"line":7,"column":35},"end":{"line":7,"column":74}},"5":{"start":{"line":8,"column":6},"end":{"line":27,"column":9}},"6":{"start":{"line":9,"column":8},"end":{"line":26,"column":9}},"7":{"start":{"line":10,"column":10},"end":{"line":10,"column":45}},"8":{"start":{"line":11,"column":15},"end":{"line":26,"column":9}},"9":{"start":{"line":12,"column":10},"end":{"line":12,"column":45}},"10":{"start":{"line":13,"column":15},"end":{"line":26,"column":9}},"11":{"start":{"line":14,"column":10},"end":{"line":14,"column":50}},"12":{"start":{"line":16,"column":10},"end":{"line":25,"column":13}},"13":{"start":{"line":29,"column":6},"end":{"line":29,"column":43}},"14":{"start":{"line":30,"column":6},"end":{"line":30,"column":45}},"15":{"start":{"line":31,"column":6},"end":{"line":31,"column":48}},"16":{"start":{"line":36,"column":4},"end":{"line":36,"column":39}}},"fnMap":{"0":{"name":"(anonymous_0)","decl":{"start":{"line":2,"column":2},"end":{"line":2,"column":3}},"loc":{"start":{"line":2,"column":24},"end":{"line":33,"column":3}},"line":2},"1":{"name":"(anonymous_1)","decl":{"start":{"line":8,"column":20},"end":{"line":8,"column":21}},"loc":{"start":{"line":8,"column":30},"end":{"line":27,"column":7}},"line":8},"2":{"name":"(anonymous_2)","decl":{"start":{"line":35,"column":2},"end":{"line":35,"column":3}},"loc":{"start":{"line":35,"column":11},"end":{"line":37,"column":3}},"line":35}},"branchMap":{"0":{"loc":{"start":{"line":4,"column":4},"end":{"line":32,"column":5}},"type":"if","locations":[{"start":{"line":4,"column":4},"end":{"line":32,"column":5}},{"start":{"line":28,"column":11},"end":{"line":32,"column":5}}],"line":4},"1":{"loc":{"start":{"line":9,"column":8},"end":{"line":26,"column":9}},"type":"if","locations":[{"start":{"line":9,"column":8},"end":{"line":26,"column":9}},{"start":{"line":11,"column":15},"end":{"line":26,"column":9}}],"line":9},"2":{"loc":{"start":{"line":11,"column":15},"end":{"line":26,"column":9}},"type":"if","locations":[{"start":{"line":11,"column":15},"end":{"line":26,"column":9}},{"start":{"line":13,"column":15},"end":{"line":26,"column":9}}],"line":11},"3":{"loc":{"start":{"line":13,"column":15},"end":{"line":26,"column":9}},"type":"if","locations":[{"start":{"line":13,"column":15},"end":{"line":26,"column":9}},{"start":{"line":15,"column":15},"end":{"line":26,"column":9}}],"line":13}},"s":{"0":5,"1":5,"2":4,"3":4,"4":4,"5":4,"6":4,"7":1,"8":3,"9":1,"10":2,"11":1,"12":1,"13":1,"14":1,"15":1,"16":4},"f":{"0":5,"1":4,"2":4},"b":{"0":[4,1],"1":[1,3],"2":[1,2],"3":[1,1]},"_coverageSchema":"1a1c01bbd47fc00a2c39e90264f33305004495a9","hash":"3ee2589cd21a87153f2424f06f2c524c79434938"}
}
